<?xml version="1.0" encoding="UTF-8"?>
<testsuite xmlns:xsi="http://www.w3.org/2001/XMLSchema-instance" xsi:noNamespaceSchemaLocation="https://maven.apache.org/surefire/maven-surefire-plugin/xsd/surefire-test-report-3.0.xsd" version="3.0" name="testRunners.TestNGCucuRunner" time="28.826" tests="5" errors="0" skipped="0" failures="1">
  <properties>
[...]
</properties>
  <testcase name="runScenario" classname="testRunners.TestNGCucuRunner" time="22.006"/>
  <testcase name="runScenario" classname="testRunners.TestNGCucuRunner" time="24.63"/>
  <testcase name="runScenario" classname="testRunners.TestNGCucuRunner" time="24.696"/>
  <testcase name="runScenario" classname="testRunners.TestNGCucuRunner" time="24.753"/>
  <testcase name="runScenario" classname="testRunners.TestNGCucuRunner" time="27.288">
    <failure type="java.lang.AssertionError"><![CDATA[java.lang.AssertionError
]]></failure>
    <system-out><![CDATA[  Given user is on SeleniumEasy website                         # stepDefinations.StepDefination01.user_is_on_seleniumeasy_website()
  And click on StartPracticing                                  # stepDefinations.StepDefination01.click_on_startpracticing()
CLicking on Check Box Demo
  When click on "Check Box Demo"                                # stepDefinations.StepDefination01.click_on_something(java.lang.String)
  And select check box under Single check box dem0 section      # stepDefinations.StepDefination01.select_check_box_under_single_check_box_dem0_section()
  Then user should get "Success - Check box is checked" message # stepDefinations.StepDefination01.user_should_get_something_message(java.lang.String)
      java.lang.AssertionError
	at org.junit.Assert.fail(Assert.java:87)
	at org.junit.Assert.assertTrue(Assert.java:42)
	at org.junit.Assert.assertTrue(Assert.java:53)
	at stepDefinations.StepDefination01.user_should_get_something_message(StepDefination01.java:90)
	at ?.user should get "Success - Check box is checked" message(file:///C:/Users/Gagana%20T/CucumberWithSelenium/CucumberTest02/SeleniumWithCucu/src/test/java/features/CheckBoxFeature.feature:10)

]]></system-out>
  </testcase>
</testsuite>