<?xml version="1.0" encoding="UTF-8"?>
<testng-results ignored="0" total="5" passed="5" failed="0" skipped="0">
  <reporter-output>
  </reporter-output>
  <suite started-at="2020-06-11T08:21:05Z" name="Surefire suite" finished-at="2020-06-11T08:21:33Z" duration-ms="28540">
    <groups>
      <group name="cucumber">
        <method signature="AbstractTestNGCucumberTests.runScenario(io.cucumber.testng.PickleWrapper, io.cucumber.testng.FeatureWrapper)[pri:0, instance:testRunners.TestNGCucuRunner@368f2016]" name="runScenario" class="io.cucumber.testng.AbstractTestNGCucumberTests"/>
      </group> <!-- cucumber -->
    </groups>
    <test started-at="2020-06-11T08:21:05Z" name="Surefire test" finished-at="2020-06-11T08:21:33Z" duration-ms="28540">
      <class name="testRunners.TestNGCucuRunner">
        <test-method is-config="true" signature="setUpClass()[pri:0, instance:testRunners.TestNGCucuRunner@368f2016]" started-at="2020-06-11T08:21:05Z" name="setUpClass" finished-at="2020-06-11T08:21:06Z" duration-ms="1288" status="PASS">
          <reporter-output>
          </reporter-output>
        </test-method> <!-- setUpClass -->
        <test-method signature="runScenario(io.cucumber.testng.PickleWrapper, io.cucumber.testng.FeatureWrapper)[pri:0, instance:testRunners.TestNGCucuRunner@368f2016]" started-at="2020-06-11T08:21:06Z" name="runScenario" description="Runs Cucumber Scenarios" data-provider="scenarios" finished-at="2020-06-11T08:21:30Z" duration-ms="23631" status="PASS">
          <params>
            <param index="0">
              <value>
                <![CDATA["Multiple Check box demo UnCheck All"]]>
              </value>
            </param>
            <param index="1">
              <value>
                <![CDATA["Validation of Check Box demo on seleniumEasy website"]]>
              </value>
            </param>
          </params>
          <reporter-output>
          </reporter-output>
        </test-method> <!-- runScenario -->
        <test-method signature="runScenario(io.cucumber.testng.PickleWrapper, io.cucumber.testng.FeatureWrapper)[pri:0, instance:testRunners.TestNGCucuRunner@368f2016]" started-at="2020-06-11T08:21:06Z" name="runScenario" description="Runs Cucumber Scenarios" data-provider="scenarios" finished-at="2020-06-11T08:21:33Z" duration-ms="26844" status="PASS">
          <params>
            <param index="0">
              <value>
                <![CDATA["Single check box demo"]]>
              </value>
            </param>
            <param index="1">
              <value>
                <![CDATA["Validation of Check Box demo on seleniumEasy website"]]>
              </value>
            </param>
          </params>
          <reporter-output>
          </reporter-output>
        </test-method> <!-- runScenario -->
        <test-method signature="runScenario(io.cucumber.testng.PickleWrapper, io.cucumber.testng.FeatureWrapper)[pri:0, instance:testRunners.TestNGCucuRunner@368f2016]" started-at="2020-06-11T08:21:06Z" name="runScenario" description="Runs Cucumber Scenarios" data-provider="scenarios" finished-at="2020-06-11T08:21:30Z" duration-ms="23648" status="PASS">
          <params>
            <param index="0">
              <value>
                <![CDATA["Multiple Check box demo UnCheck All with check all button validation"]]>
              </value>
            </param>
            <param index="1">
              <value>
                <![CDATA["Validation of Check Box demo on seleniumEasy website"]]>
              </value>
            </param>
          </params>
          <reporter-output>
          </reporter-output>
        </test-method> <!-- runScenario -->
        <test-method signature="runScenario(io.cucumber.testng.PickleWrapper, io.cucumber.testng.FeatureWrapper)[pri:0, instance:testRunners.TestNGCucuRunner@368f2016]" started-at="2020-06-11T08:21:06Z" name="runScenario" description="Runs Cucumber Scenarios" data-provider="scenarios" finished-at="2020-06-11T08:21:29Z" duration-ms="22951" status="PASS">
          <params>
            <param index="0">
              <value>
                <![CDATA["Multiple Check box demo CheckAll"]]>
              </value>
            </param>
            <param index="1">
              <value>
                <![CDATA["Validation of Check Box demo on seleniumEasy website"]]>
              </value>
            </param>
          </params>
          <reporter-output>
          </reporter-output>
        </test-method> <!-- runScenario -->
        <test-method signature="runScenario(io.cucumber.testng.PickleWrapper, io.cucumber.testng.FeatureWrapper)[pri:0, instance:testRunners.TestNGCucuRunner@368f2016]" started-at="2020-06-11T08:21:06Z" name="runScenario" description="Runs Cucumber Scenarios" data-provider="scenarios" finished-at="2020-06-11T08:21:30Z" duration-ms="23565" status="PASS">
          <params>
            <param index="0">
              <value>
                <![CDATA["Single Radio button demo"]]>
              </value>
            </param>
            <param index="1">
              <value>
                <![CDATA["Validation of Radio Buttons demo on seleniumEasy website"]]>
              </value>
            </param>
          </params>
          <reporter-output>
          </reporter-output>
        </test-method> <!-- runScenario -->
        <test-method is-config="true" signature="tearDownClass()[pri:0, instance:testRunners.TestNGCucuRunner@368f2016]" started-at="2020-06-11T08:21:33Z" name="tearDownClass" finished-at="2020-06-11T08:21:33Z" duration-ms="341" status="PASS">
          <reporter-output>
          </reporter-output>
        </test-method> <!-- tearDownClass -->
      </class> <!-- testRunners.TestNGCucuRunner -->
    </test> <!-- Surefire test -->
  </suite> <!-- Surefire suite -->
</testng-results>
