<?xml version="1.0" encoding="UTF-8"?>
<testng-results ignored="0" total="1" passed="1" failed="0" skipped="0">
  <reporter-output>
  </reporter-output>
  <suite started-at="2020-06-11T08:30:39Z" name="Default suite" finished-at="2020-06-11T08:30:52Z" duration-ms="13471">
    <groups>
      <group name="cucumber">
        <method signature="AbstractTestNGCucumberTests.runScenario(io.cucumber.testng.PickleWrapper, io.cucumber.testng.FeatureWrapper)[pri:0, instance:testRunners.TestNGCucuWithTags@7efaad5a]" name="runScenario" class="io.cucumber.testng.AbstractTestNGCucumberTests"/>
      </group> <!-- cucumber -->
    </groups>
    <test started-at="2020-06-11T08:30:39Z" name="Default test" finished-at="2020-06-11T08:30:52Z" duration-ms="13471">
      <class name="testRunners.TestNGCucuWithTags">
        <test-method is-config="true" signature="setUpClass()[pri:0, instance:testRunners.TestNGCucuWithTags@7efaad5a]" started-at="2020-06-11T08:30:39Z" name="setUpClass" finished-at="2020-06-11T08:30:39Z" duration-ms="453" status="PASS">
          <reporter-output>
          </reporter-output>
        </test-method> <!-- setUpClass -->
        <test-method signature="runScenario(io.cucumber.testng.PickleWrapper, io.cucumber.testng.FeatureWrapper)[pri:0, instance:testRunners.TestNGCucuWithTags@7efaad5a]" started-at="2020-06-11T08:30:39Z" name="runScenario" description="Runs Cucumber Scenarios" data-provider="scenarios" finished-at="2020-06-11T08:30:52Z" duration-ms="12781" status="PASS">
          <params>
            <param index="0">
              <value>
                <![CDATA["Single Radio button demo"]]>
              </value>
            </param>
            <param index="1">
              <value>
                <![CDATA["Validation of Radio Buttons demo on seleniumEasy website"]]>
              </value>
            </param>
          </params>
          <reporter-output>
          </reporter-output>
        </test-method> <!-- runScenario -->
        <test-method is-config="true" signature="tearDownClass()[pri:0, instance:testRunners.TestNGCucuWithTags@7efaad5a]" started-at="2020-06-11T08:30:52Z" name="tearDownClass" finished-at="2020-06-11T08:30:52Z" duration-ms="201" status="PASS">
          <reporter-output>
          </reporter-output>
        </test-method> <!-- tearDownClass -->
      </class> <!-- testRunners.TestNGCucuWithTags -->
    </test> <!-- Default test -->
  </suite> <!-- Default suite -->
</testng-results>
